app/build/intermediates/manifest_merge_blame_file/debug/manifest-merger-blame-debug-report.txt
1<?xml version="1.0" encoding="utf-8"?>
2<manifest xmlns:android="http://schemas.android.com/apk/res/android"
3    package="com.example.bookseller"
4    android:versionCode="1"
5    android:versionName="1.0" >
6
7    <uses-sdk
8        android:minSdkVersion="26"
8-->src\main\AndroidManifest.xml
9        android:targetSdkVersion="29" />
9-->src\main\AndroidManifest.xml
10
11    <uses-permission android:name="android.permission.INTERNET" />
11-->src\main\AndroidManifest.xml:5:5-67
11-->src\main\AndroidManifest.xml:5:22-64
12    <uses-permission android:name="android.permission.ACCESS_NETWORK_STATE" /> <!-- permission gallery and camera -->
12-->src\main\AndroidManifest.xml:6:5-79
12-->src\main\AndroidManifest.xml:6:22-76
13    <uses-permission android:name="android.permission.READ_EXTERNAL_STORAGE" />
13-->src\main\AndroidManifest.xml:7:5-80
13-->src\main\AndroidManifest.xml:7:22-77
14    <uses-permission android:name="android.permission.WAKE_LOCK" /> <!-- Required by older versions of Google Play services to create IID tokens -->
14-->[com.google.android.gms:play-services-measurement-api:17.4.3] AndroidManifest.xml:24:5-68
14-->[com.google.android.gms:play-services-measurement-api:17.4.3] AndroidManifest.xml:24:22-65
15    <uses-permission android:name="com.google.android.c2dm.permission.RECEIVE" />
15-->[com.google.firebase:firebase-iid:20.1.5] AndroidManifest.xml:26:5-82
15-->[com.google.firebase:firebase-iid:20.1.5] AndroidManifest.xml:26:22-79
16    <uses-permission android:name="com.google.android.finsky.permission.BIND_GET_INSTALL_REFERRER_SERVICE" />
16-->[com.google.android.gms:play-services-measurement:17.4.3] AndroidManifest.xml:26:5-110
16-->[com.google.android.gms:play-services-measurement:17.4.3] AndroidManifest.xml:26:22-107
17
18    <application
18-->src\main\AndroidManifest.xml:9:5-33:19
19        android:allowBackup="true"
19-->src\main\AndroidManifest.xml:10:9-35
20        android:appComponentFactory="androidx.core.app.CoreComponentFactory"
20-->[androidx.core:core:1.3.0] AndroidManifest.xml:24:18-86
21        android:debuggable="true"
22        android:extractNativeLibs="false"
23        android:icon="@mipmap/ic_launcher"
23-->src\main\AndroidManifest.xml:11:9-43
24        android:label="@string/app_name"
24-->src\main\AndroidManifest.xml:12:9-41
25        android:roundIcon="@mipmap/ic_launcher_round"
25-->src\main\AndroidManifest.xml:13:9-54
26        android:supportsRtl="true"
26-->src\main\AndroidManifest.xml:14:9-35
27        android:testOnly="true"
28        android:theme="@style/AppTheme" >
28-->src\main\AndroidManifest.xml:15:9-40
29        <activity android:name="com.example.bookseller.activity.RegisterBookActivity" />
29-->src\main\AndroidManifest.xml:16:9-67
29-->src\main\AndroidManifest.xml:16:19-64
30        <activity
30-->src\main\AndroidManifest.xml:17:9-19:59
31            android:name="com.example.bookseller.activity.MyBooksActivity"
31-->src\main\AndroidManifest.xml:18:13-53
32            android:theme="@style/AppTheme.NoActionBar" />
32-->src\main\AndroidManifest.xml:19:13-56
33        <activity android:name="com.example.bookseller.activity.SignupActivity" />
33-->src\main\AndroidManifest.xml:20:9-61
33-->src\main\AndroidManifest.xml:20:19-58
34        <activity
34-->src\main\AndroidManifest.xml:21:9-23:59
35            android:name="com.example.bookseller.activity.HomeActivity"
35-->src\main\AndroidManifest.xml:22:13-50
36            android:theme="@style/AppTheme.NoActionBar" />
36-->src\main\AndroidManifest.xml:23:13-56
37        <activity
37-->src\main\AndroidManifest.xml:24:9-32:20
38            android:name="com.example.bookseller.activity.MainActivity"
38-->src\main\AndroidManifest.xml:25:13-50
39            android:noHistory="true" >
39-->src\main\AndroidManifest.xml:26:13-37
40            <intent-filter>
40-->src\main\AndroidManifest.xml:27:13-31:29
41                <action android:name="android.intent.action.MAIN" />
41-->src\main\AndroidManifest.xml:28:17-69
41-->src\main\AndroidManifest.xml:28:25-66
42
43                <category android:name="android.intent.category.LAUNCHER" />
43-->src\main\AndroidManifest.xml:30:17-77
43-->src\main\AndroidManifest.xml:30:27-74
44            </intent-filter>
45        </activity>
46
47        <service
47-->[com.google.firebase:firebase-firestore-ktx:21.4.3] AndroidManifest.xml:12:9-18:19
48            android:name="com.google.firebase.components.ComponentDiscoveryService"
48-->[com.google.firebase:firebase-firestore-ktx:21.4.3] AndroidManifest.xml:13:13-84
49            android:directBootAware="true"
49-->[com.google.firebase:firebase-common:19.3.0] AndroidManifest.xml:34:13-43
50            android:exported="false" >
50-->[com.google.firebase:firebase-firestore-ktx:21.4.3] AndroidManifest.xml:14:13-37
51            <meta-data
51-->[com.google.firebase:firebase-firestore-ktx:21.4.3] AndroidManifest.xml:15:13-17:85
52                android:name="com.google.firebase.components:com.google.firebase.firestore.ktx.FirebaseFirestoreKtxRegistrar"
52-->[com.google.firebase:firebase-firestore-ktx:21.4.3] AndroidManifest.xml:16:17-126
53                android:value="com.google.firebase.components.ComponentRegistrar" />
53-->[com.google.firebase:firebase-firestore-ktx:21.4.3] AndroidManifest.xml:17:17-82
54            <meta-data
54-->[com.google.firebase:firebase-storage-ktx:19.1.1] AndroidManifest.xml:15:13-17:85
55                android:name="com.google.firebase.components:com.google.firebase.storage.ktx.FirebaseStorageKtxRegistrar"
55-->[com.google.firebase:firebase-storage-ktx:19.1.1] AndroidManifest.xml:16:17-122
56                android:value="com.google.firebase.components.ComponentRegistrar" />
56-->[com.google.firebase:firebase-storage-ktx:19.1.1] AndroidManifest.xml:17:17-82
57            <meta-data
57-->[com.google.firebase:firebase-common-ktx:19.3.0] AndroidManifest.xml:15:13-17:85
58                android:name="com.google.firebase.components:com.google.firebase.ktx.FirebaseCommonKtxRegistrar"
58-->[com.google.firebase:firebase-common-ktx:19.3.0] AndroidManifest.xml:16:17-113
59                android:value="com.google.firebase.components.ComponentRegistrar" />
59-->[com.google.firebase:firebase-common-ktx:19.3.0] AndroidManifest.xml:17:17-82
60            <meta-data
60-->[com.google.firebase:firebase-auth:19.3.1] AndroidManifest.xml:36:13-38:85
61                android:name="com.google.firebase.components:com.google.firebase.auth.FirebaseAuthRegistrar"
61-->[com.google.firebase:firebase-auth:19.3.1] AndroidManifest.xml:37:17-109
62                android:value="com.google.firebase.components.ComponentRegistrar" />
62-->[com.google.firebase:firebase-auth:19.3.1] AndroidManifest.xml:38:17-82
63            <meta-data
63-->[com.google.firebase:firebase-firestore:21.4.3] AndroidManifest.xml:20:13-22:85
64                android:name="com.google.firebase.components:com.google.firebase.firestore.FirestoreRegistrar"
64-->[com.google.firebase:firebase-firestore:21.4.3] AndroidManifest.xml:21:17-111
65                android:value="com.google.firebase.components.ComponentRegistrar" />
65-->[com.google.firebase:firebase-firestore:21.4.3] AndroidManifest.xml:22:17-82
66            <meta-data
66-->[com.google.firebase:firebase-storage:19.1.1] AndroidManifest.xml:33:13-35:85
67                android:name="com.google.firebase.components:com.google.firebase.storage.StorageRegistrar"
67-->[com.google.firebase:firebase-storage:19.1.1] AndroidManifest.xml:34:17-107
68                android:value="com.google.firebase.components.ComponentRegistrar" />
68-->[com.google.firebase:firebase-storage:19.1.1] AndroidManifest.xml:35:17-82
69            <meta-data
69-->[com.google.android.gms:play-services-measurement-api:17.4.3] AndroidManifest.xml:30:13-32:85
70                android:name="com.google.firebase.components:com.google.firebase.analytics.connector.internal.AnalyticsConnectorRegistrar"
70-->[com.google.android.gms:play-services-measurement-api:17.4.3] AndroidManifest.xml:31:17-139
71                android:value="com.google.firebase.components.ComponentRegistrar" />
71-->[com.google.android.gms:play-services-measurement-api:17.4.3] AndroidManifest.xml:32:17-82
72            <meta-data
72-->[com.google.firebase:firebase-iid:20.1.5] AndroidManifest.xml:32:13-34:85
73                android:name="com.google.firebase.components:com.google.firebase.iid.Registrar"
73-->[com.google.firebase:firebase-iid:20.1.5] AndroidManifest.xml:33:17-96
74                android:value="com.google.firebase.components.ComponentRegistrar" />
74-->[com.google.firebase:firebase-iid:20.1.5] AndroidManifest.xml:34:17-82
75            <meta-data
75-->[com.google.firebase:firebase-installations:16.2.1] AndroidManifest.xml:17:13-19:85
76                android:name="com.google.firebase.components:com.google.firebase.installations.FirebaseInstallationsRegistrar"
76-->[com.google.firebase:firebase-installations:16.2.1] AndroidManifest.xml:18:17-127
77                android:value="com.google.firebase.components.ComponentRegistrar" />
77-->[com.google.firebase:firebase-installations:16.2.1] AndroidManifest.xml:19:17-82
78        </service>
79
80        <activity
80-->[com.google.android.gms:play-services-auth:18.0.0] AndroidManifest.xml:23:9-27:75
81            android:name="com.google.android.gms.auth.api.signin.internal.SignInHubActivity"
81-->[com.google.android.gms:play-services-auth:18.0.0] AndroidManifest.xml:24:13-93
82            android:excludeFromRecents="true"
82-->[com.google.android.gms:play-services-auth:18.0.0] AndroidManifest.xml:25:13-46
83            android:exported="false"
83-->[com.google.android.gms:play-services-auth:18.0.0] AndroidManifest.xml:26:13-37
84            android:theme="@android:style/Theme.Translucent.NoTitleBar" />
84-->[com.google.android.gms:play-services-auth:18.0.0] AndroidManifest.xml:27:13-72
85        <!--
86            Service handling Google Sign-In user revocation. For apps that do not integrate with
87            Google Sign-In, this service will never be started.
88        -->
89        <service
89-->[com.google.android.gms:play-services-auth:18.0.0] AndroidManifest.xml:33:9-36:110
90            android:name="com.google.android.gms.auth.api.signin.RevocationBoundService"
90-->[com.google.android.gms:play-services-auth:18.0.0] AndroidManifest.xml:34:13-89
91            android:exported="true"
91-->[com.google.android.gms:play-services-auth:18.0.0] AndroidManifest.xml:35:13-36
92            android:permission="com.google.android.gms.auth.api.signin.permission.REVOCATION_NOTIFICATION" />
92-->[com.google.android.gms:play-services-auth:18.0.0] AndroidManifest.xml:36:13-107
93
94        <provider
94-->[com.squareup.picasso:picasso:2.71828] AndroidManifest.xml:8:9-11:40
95            android:name="com.squareup.picasso.PicassoProvider"
95-->[com.squareup.picasso:picasso:2.71828] AndroidManifest.xml:9:13-64
96            android:authorities="com.example.bookseller.com.squareup.picasso"
96-->[com.squareup.picasso:picasso:2.71828] AndroidManifest.xml:10:13-72
97            android:exported="false" />
97-->[com.squareup.picasso:picasso:2.71828] AndroidManifest.xml:11:13-37
98
99        <activity
99-->[com.google.firebase:firebase-auth:19.3.1] AndroidManifest.xml:24:9-31:50
100            android:name="com.google.firebase.auth.internal.FederatedSignInActivity"
100-->[com.google.firebase:firebase-auth:19.3.1] AndroidManifest.xml:25:13-85
101            android:excludeFromRecents="true"
101-->[com.google.firebase:firebase-auth:19.3.1] AndroidManifest.xml:26:13-46
102            android:exported="true"
102-->[com.google.firebase:firebase-auth:19.3.1] AndroidManifest.xml:27:13-36
103            android:launchMode="singleTask"
103-->[com.google.firebase:firebase-auth:19.3.1] AndroidManifest.xml:28:13-44
104            android:permission="com.google.firebase.auth.api.gms.permission.LAUNCH_FEDERATED_SIGN_IN"
104-->[com.google.firebase:firebase-auth:19.3.1] AndroidManifest.xml:29:13-102
105            android:theme="@android:style/Theme.Translucent.NoTitleBar" />
105-->[com.google.firebase:firebase-auth:19.3.1] AndroidManifest.xml:30:13-72
106
107        <receiver
107-->[com.google.firebase:firebase-iid:20.1.5] AndroidManifest.xml:37:9-44:20
108            android:name="com.google.firebase.iid.FirebaseInstanceIdReceiver"
108-->[com.google.firebase:firebase-iid:20.1.5] AndroidManifest.xml:38:13-78
109            android:exported="true"
109-->[com.google.firebase:firebase-iid:20.1.5] AndroidManifest.xml:39:13-36
110            android:permission="com.google.android.c2dm.permission.SEND" >
110-->[com.google.firebase:firebase-iid:20.1.5] AndroidManifest.xml:40:13-73
111            <intent-filter>
111-->[com.google.firebase:firebase-iid:20.1.5] AndroidManifest.xml:41:13-43:29
112                <action android:name="com.google.android.c2dm.intent.RECEIVE" />
112-->[com.google.firebase:firebase-iid:20.1.5] AndroidManifest.xml:42:17-81
112-->[com.google.firebase:firebase-iid:20.1.5] AndroidManifest.xml:42:25-78
113            </intent-filter>
114        </receiver>
115
116        <activity
116-->[com.google.android.gms:play-services-base:17.1.0] AndroidManifest.xml:23:9-26:75
117            android:name="com.google.android.gms.common.api.GoogleApiActivity"
117-->[com.google.android.gms:play-services-base:17.1.0] AndroidManifest.xml:24:13-79
118            android:exported="false"
118-->[com.google.android.gms:play-services-base:17.1.0] AndroidManifest.xml:25:13-37
119            android:theme="@android:style/Theme.Translucent.NoTitleBar" />
119-->[com.google.android.gms:play-services-base:17.1.0] AndroidManifest.xml:26:13-72
120
121        <receiver
121-->[com.google.android.gms:play-services-measurement:17.4.3] AndroidManifest.xml:29:9-33:20
122            android:name="com.google.android.gms.measurement.AppMeasurementReceiver"
122-->[com.google.android.gms:play-services-measurement:17.4.3] AndroidManifest.xml:30:13-85
123            android:enabled="true"
123-->[com.google.android.gms:play-services-measurement:17.4.3] AndroidManifest.xml:31:13-35
124            android:exported="false" >
124-->[com.google.android.gms:play-services-measurement:17.4.3] AndroidManifest.xml:32:13-37
125        </receiver>
126
127        <service
127-->[com.google.android.gms:play-services-measurement:17.4.3] AndroidManifest.xml:35:9-38:40
128            android:name="com.google.android.gms.measurement.AppMeasurementService"
128-->[com.google.android.gms:play-services-measurement:17.4.3] AndroidManifest.xml:36:13-84
129            android:enabled="true"
129-->[com.google.android.gms:play-services-measurement:17.4.3] AndroidManifest.xml:37:13-35
130            android:exported="false" />
130-->[com.google.android.gms:play-services-measurement:17.4.3] AndroidManifest.xml:38:13-37
131        <service
131-->[com.google.android.gms:play-services-measurement:17.4.3] AndroidManifest.xml:39:9-43:72
132            android:name="com.google.android.gms.measurement.AppMeasurementJobService"
132-->[com.google.android.gms:play-services-measurement:17.4.3] AndroidManifest.xml:40:13-87
133            android:enabled="true"
133-->[com.google.android.gms:play-services-measurement:17.4.3] AndroidManifest.xml:41:13-35
134            android:exported="false"
134-->[com.google.android.gms:play-services-measurement:17.4.3] AndroidManifest.xml:42:13-37
135            android:permission="android.permission.BIND_JOB_SERVICE" />
135-->[com.google.android.gms:play-services-measurement:17.4.3] AndroidManifest.xml:43:13-69
136
137        <provider
137-->[com.google.firebase:firebase-common:19.3.0] AndroidManifest.xml:26:9-30:39
138            android:name="com.google.firebase.provider.FirebaseInitProvider"
138-->[com.google.firebase:firebase-common:19.3.0] AndroidManifest.xml:27:13-77
139            android:authorities="com.example.bookseller.firebaseinitprovider"
139-->[com.google.firebase:firebase-common:19.3.0] AndroidManifest.xml:28:13-72
140            android:exported="false"
140-->[com.google.firebase:firebase-common:19.3.0] AndroidManifest.xml:29:13-37
141            android:initOrder="100" />
141-->[com.google.firebase:firebase-common:19.3.0] AndroidManifest.xml:30:13-36
142
143        <meta-data
143-->[com.google.android.gms:play-services-basement:17.1.1] AndroidManifest.xml:23:9-25:69
144            android:name="com.google.android.gms.version"
144-->[com.google.android.gms:play-services-basement:17.1.1] AndroidManifest.xml:24:13-58
145            android:value="@integer/google_play_services_version" />
145-->[com.google.android.gms:play-services-basement:17.1.1] AndroidManifest.xml:25:13-66
146    </application>
147
148</manifest>